\BOOKMARK [1][-]{section.1}{Introduction}{}% 1
\BOOKMARK [2][-]{subsection.1.1}{Purpose}{section.1}% 2
\BOOKMARK [2][-]{subsection.1.2}{Product Scope}{section.1}% 3
\BOOKMARK [2][-]{subsection.1.3}{References}{section.1}% 4
\BOOKMARK [1][-]{section.2}{Architectural design}{}% 5
\BOOKMARK [1][-]{section.3}{Testing technologies and framework}{}% 6
\BOOKMARK [1][-]{section.4}{External Interface Requirements}{}% 7
\BOOKMARK [2][-]{subsection.4.1}{User Interfaces}{section.4}% 8
\BOOKMARK [2][-]{subsection.4.2}{Software Interfaces}{section.4}% 9
\BOOKMARK [2][-]{subsection.4.3}{Communications Interfaces}{section.4}% 10
\BOOKMARK [2][-]{subsection.4.4}{Deployment diagram}{section.4}% 11
\BOOKMARK [1][-]{section.5}{System Requirements}{}% 12
\BOOKMARK [1][-]{section.6}{System Features}{}% 13
\BOOKMARK [2][-]{subsection.6.1}{Download of library}{section.6}% 14
\BOOKMARK [3][-]{subsubsection.6.1.1}{Description and Priority}{subsection.6.1}% 15
\BOOKMARK [2][-]{subsection.6.2}{File upload}{section.6}% 16
\BOOKMARK [3][-]{subsubsection.6.2.1}{Description and Priority}{subsection.6.2}% 17
\BOOKMARK [2][-]{subsection.6.3}{OBJ file upload with rules file}{section.6}% 18
\BOOKMARK [3][-]{subsubsection.6.3.1}{Stimulus/Response Sequences}{subsection.6.3}% 19
\BOOKMARK [2][-]{subsection.6.4}{File upload without rules feature}{section.6}% 20
\BOOKMARK [3][-]{subsubsection.6.4.1}{Stimulus/Response Sequences}{subsection.6.4}% 21
\BOOKMARK [2][-]{subsection.6.5}{ObjToArray}{section.6}% 22
\BOOKMARK [3][-]{subsubsection.6.5.1}{Description and Priority}{subsection.6.5}% 23
\BOOKMARK [2][-]{subsection.6.6}{ArrayToMesh}{section.6}% 24
\BOOKMARK [3][-]{subsubsection.6.6.1}{Description and Priority}{subsection.6.6}% 25
\BOOKMARK [2][-]{subsection.6.7}{MeshToObj}{section.6}% 26
\BOOKMARK [3][-]{subsubsection.6.7.1}{Description and Priority}{subsection.6.7}% 27
\BOOKMARK [2][-]{subsection.6.8}{IMGsToArray}{section.6}% 28
\BOOKMARK [3][-]{subsubsection.6.8.1}{Description and Priority}{subsection.6.8}% 29
\BOOKMARK [1][-]{section.7}{Other Nonfunctional Requirements}{}% 30
\BOOKMARK [2][-]{subsection.7.1}{Performance Requirements}{section.7}% 31
\BOOKMARK [3][-]{subsubsection.7.1.1}{Time to respond to an uploaded file}{subsection.7.1}% 32
\BOOKMARK [3][-]{subsubsection.7.1.2}{Maintainability}{subsection.7.1}% 33
\BOOKMARK [3][-]{subsubsection.7.1.3}{Portability}{subsection.7.1}% 34
\BOOKMARK [3][-]{subsubsection.7.1.4}{Scalibilty}{subsection.7.1}% 35
\BOOKMARK [3][-]{subsubsection.7.1.5}{Usability}{subsection.7.1}% 36
